Build started 2016-03-28 오전 7:38:54.
     1>Project "C:\Users\ahas2\Documents\Visual Studio 2013\Projects\Pastime\cocos2d\cocos\2d\libcocos2d.vcxproj" on node 2 (Build target(s)).
     1>PreLinkEvent:
         if not exist "C:\Users\ahas2\Documents\Visual Studio 2013\Projects\Pastime\proj.win32\Debug.win32\" mkdir "C:\Users\ahas2\Documents\Visual Studio 2013\Projects\Pastime\proj.win32\Debug.win32\"
         xcopy /Y /Q "C:\Users\ahas2\Documents\Visual Studio 2013\Projects\Pastime\cocos2d\cocos\2d\..\..\external\freetype2\prebuilt\win32\*.*" "C:\Users\ahas2\Documents\Visual Studio 2013\Projects\Pastime\proj.win32\Debug.win32\"
         xcopy /Y /Q "C:\Users\ahas2\Documents\Visual Studio 2013\Projects\Pastime\cocos2d\cocos\2d\..\..\external\glfw3\prebuilt\win32\*.*" "C:\Users\ahas2\Documents\Visual Studio 2013\Projects\Pastime\proj.win32\Debug.win32\"
         xcopy /Y /Q "C:\Users\ahas2\Documents\Visual Studio 2013\Projects\Pastime\cocos2d\cocos\2d\..\..\external\curl\prebuilt\win32\*.*" "C:\Users\ahas2\Documents\Visual Studio 2013\Projects\Pastime\proj.win32\Debug.win32\"
         xcopy /Y /Q "C:\Users\ahas2\Documents\Visual Studio 2013\Projects\Pastime\cocos2d\cocos\2d\..\..\external\jpeg\prebuilt\win32\*.*" "C:\Users\ahas2\Documents\Visual Studio 2013\Projects\Pastime\proj.win32\Debug.win32\"
         xcopy /Y /Q "C:\Users\ahas2\Documents\Visual Studio 2013\Projects\Pastime\cocos2d\cocos\2d\..\..\external\png\prebuilt\win32\*.*" "C:\Users\ahas2\Documents\Visual Studio 2013\Projects\Pastime\proj.win32\Debug.win32\"
         xcopy /Y /Q "C:\Users\ahas2\Documents\Visual Studio 2013\Projects\Pastime\cocos2d\cocos\2d\..\..\external\tiff\prebuilt\win32\*.*" "C:\Users\ahas2\Documents\Visual Studio 2013\Projects\Pastime\proj.win32\Debug.win32\"
         xcopy /Y /Q "C:\Users\ahas2\Documents\Visual Studio 2013\Projects\Pastime\cocos2d\cocos\2d\..\..\external\webp\prebuilt\win32\*.*" "C:\Users\ahas2\Documents\Visual Studio 2013\Projects\Pastime\proj.win32\Debug.win32\"
         xcopy /Y /Q "C:\Users\ahas2\Documents\Visual Studio 2013\Projects\Pastime\cocos2d\cocos\2d\..\..\external\websockets\prebuilt\win32\*.*" "C:\Users\ahas2\Documents\Visual Studio 2013\Projects\Pastime\proj.win32\Debug.win32\"
         xcopy /Y /Q "C:\Users\ahas2\Documents\Visual Studio 2013\Projects\Pastime\cocos2d\cocos\2d\..\..\external\win32-specific\zlib\prebuilt\*.*" "C:\Users\ahas2\Documents\Visual Studio 2013\Projects\Pastime\proj.win32\Debug.win32\"
         xcopy /Y /Q "C:\Users\ahas2\Documents\Visual Studio 2013\Projects\Pastime\cocos2d\cocos\2d\..\..\external\win32-specific\icon\prebuilt\*.*" "C:\Users\ahas2\Documents\Visual Studio 2013\Projects\Pastime\proj.win32\Debug.win32\"
         xcopy /Y /Q "C:\Users\ahas2\Documents\Visual Studio 2013\Projects\Pastime\cocos2d\cocos\2d\..\..\external\win32-specific\gles\prebuilt\*.*" "C:\Users\ahas2\Documents\Visual Studio 2013\Projects\Pastime\proj.win32\Debug.win32\"
         xcopy /Y /Q "C:\Users\ahas2\Documents\Visual Studio 2013\Projects\Pastime\cocos2d\cocos\2d\..\..\external\win32-specific\OpenalSoft\prebuilt\*.*" "C:\Users\ahas2\Documents\Visual Studio 2013\Projects\Pastime\proj.win32\Debug.win32\"
         xcopy /Y /Q "C:\Users\ahas2\Documents\Visual Studio 2013\Projects\Pastime\cocos2d\cocos\2d\..\..\external\win32-specific\MP3Decoder\prebuilt\*.*" "C:\Users\ahas2\Documents\Visual Studio 2013\Projects\Pastime\proj.win32\Debug.win32\"
         xcopy /Y /Q "C:\Users\ahas2\Documents\Visual Studio 2013\Projects\Pastime\cocos2d\cocos\2d\..\..\external\win32-specific\OggDecoder\prebuilt\*.*" "C:\Users\ahas2\Documents\Visual Studio 2013\Projects\Pastime\proj.win32\Debug.win32\"
         xcopy /Y /Q "C:\Users\ahas2\Documents\Visual Studio 2013\Projects\Pastime\cocos2d\cocos\2d\..\..\external\sqlite3\libraries\win32\*.*" "C:\Users\ahas2\Documents\Visual Studio 2013\Projects\Pastime\proj.win32\Debug.win32\"
         xcopy /Y /Q "C:\Users\ahas2\Documents\Visual Studio 2013\Projects\Pastime\cocos2d\cocos\2d\..\..\external\chipmunk\prebuilt\win32\debug-lib\*.*" "C:\Users\ahas2\Documents\Visual Studio 2013\Projects\Pastime\proj.win32\Debug.win32\"
         :VCEnd
         1개 파일이 복사되었습니다.
         2개 파일이 복사되었습니다.
         4개 파일이 복사되었습니다.
         2개 파일이 복사되었습니다.
         2개 파일이 복사되었습니다.
         3개 파일이 복사되었습니다.
         1개 파일이 복사되었습니다.
         2개 파일이 복사되었습니다.
         2개 파일이 복사되었습니다.
         2개 파일이 복사되었습니다.
         2개 파일이 복사되었습니다.
         2개 파일이 복사되었습니다.
         2개 파일이 복사되었습니다.
         6개 파일이 복사되었습니다.
         2개 파일이 복사되었습니다.
         2개 파일이 복사되었습니다.
       Link:
         libcocos2d.vcxproj -> C:\Users\ahas2\Documents\Visual Studio 2013\Projects\Pastime\proj.win32\Debug.win32\libcocos2d.dll
     1>Done Building Project "C:\Users\ahas2\Documents\Visual Studio 2013\Projects\Pastime\cocos2d\cocos\2d\libcocos2d.vcxproj" (Build target(s)).

Build succeeded.

Time Elapsed 00:00:01.21
